Arguments: 
  /usr/local/bin/node /home/kurt/.yarn/bin/yarn.js start:dev

PATH: 
  /home/kurt/.yarn/bin:/home/kurt/.config/yarn/global/node_modules/.bin:/bin/lscript:/bin/lscript:/home/kurt/software/android-studio/bin:/home/kurt/software:/home/kurt/bin:/home/kurt/bin:/home/zbr/.local/bin:/usr/local/sbin:/usr/local/bin:/usr/sbin:/usr/bin:/sbin:/bin:/usr/games:/usr/local/games:/snap/bin:/home/kurt/.foundry/bin:/home/kurt/.local/bin

Yarn version: 
  1.22.19

Node version: 
  18.16.0

Platform: 
  linux x64

Trace: 
  SyntaxError: /home/kurt/git/solve3/beta-v2/module/package.json: Unexpected string in JSON at position 228
      at JSON.parse (<anonymous>)
      at /home/kurt/.yarn/lib/cli.js:1629:59
      at Generator.next (<anonymous>)
      at step (/home/kurt/.yarn/lib/cli.js:310:30)
      at /home/kurt/.yarn/lib/cli.js:321:13

npm manifest: 
  {
    "name": "solve3-module",
    "version": "1.0.0",
    "main": "index.js",
    "license": "MIT",
    "devDependencies": {
      "@types/events": "^3.0.0",
      "typescript": "^5.1.6"
    },
    "dependencies": {
      "events": "^3.3.0"
    }
    "scripts": {
      "test": "echo \"Error: no test specified\" && exit 1",
      "build": "tsc",
      "start:dev": "tsc -w"
    }
  }

yarn manifest: 
  No manifest

Lockfile: 
  # THIS IS AN AUTOGENERATED FILE. DO NOT EDIT THIS FILE DIRECTLY.
  # yarn lockfile v1
  
  
  "@types/events@^3.0.0":
    version "3.0.0"
    resolved "https://registry.yarnpkg.com/@types/events/-/events-3.0.0.tgz#2862f3f58a9a7f7c3e78d79f130dd4d71c25c2a7"
    integrity sha512-EaObqwIvayI5a8dCzhFrjKzVwKLxjoG9T6Ppd5CEo07LRKfQ8Yokw54r5+Wq7FaBQ+yXRvQAYPrHwya1/UFt9g==
  
  events@^3.3.0:
    version "3.3.0"
    resolved "https://registry.yarnpkg.com/events/-/events-3.3.0.tgz#31a95ad0a924e2d2c419a813aeb2c4e878ea7400"
    integrity sha512-mQw+2fkQbALzQ7V0MY0IqdnXNOeTtP4r0lN9z7AAawCXgqea7bDii20AYrIBrFd/Hx0M2Ocz6S111CaFkUcb0Q==
  
  typescript@^5.1.6:
    version "5.1.6"
    resolved "https://registry.yarnpkg.com/typescript/-/typescript-5.1.6.tgz#02f8ac202b6dad2c0dd5e0913745b47a37998274"
    integrity sha512-zaWCozRZ6DLEWAWFrVDz1H6FVXzUSfTy5FUMWsQlU8Ym5JP9eO4xkTIROFCQvhQf61z6O/G6ugw3SgAnvvm+HA==
